sdk/build/intermediates/manifest_merge_blame_file/debug/manifest-merger-blame-debug-report.txt
1<?xml version="1.0" encoding="utf-8"?>
2<manifest xmlns:android="http://schemas.android.com/apk/res/android"
3    package="com.unl.addressvalidator" >
4
5    <uses-sdk android:minSdkVersion="24" />
5-->src/main/AndroidManifest.xml
6
7    <uses-permission android:name="android.permission.ACCESS_COARSE_LOCATION" />
7-->src/main/AndroidManifest.xml:5:5-81
7-->src/main/AndroidManifest.xml:5:22-78
8    <uses-permission android:name="android.permission.READ_EXTERNAL_STORAGE" />
8-->src/main/AndroidManifest.xml:6:5-80
8-->src/main/AndroidManifest.xml:6:22-77
9    <uses-permission android:name="android.permission.WRITE_EXTERNAL_STORAGE" />
9-->src/main/AndroidManifest.xml:7:5-81
9-->src/main/AndroidManifest.xml:7:22-78
10    <uses-permission android:name="android.permission.ACCESS_FINE_LOCATION" />
10-->src/main/AndroidManifest.xml:8:5-79
10-->src/main/AndroidManifest.xml:8:22-76
11    <uses-permission android:name="android.permission.ACCESS_MEDIA_LOCATION" />
11-->src/main/AndroidManifest.xml:9:5-80
11-->src/main/AndroidManifest.xml:9:22-77
12    <uses-permission android:name="android.permission.READ_MEDIA_IMAGES" />
12-->src/main/AndroidManifest.xml:10:5-76
12-->src/main/AndroidManifest.xml:10:22-73
13
14    <application android:requestLegacyExternalStorage="true" >
14-->src/main/AndroidManifest.xml:12:5-46:19
14-->src/main/AndroidManifest.xml:12:18-61
15        <activity
15-->src/main/AndroidManifest.xml:13:9-16:51
16            android:name="com.unl.addressvalidator.ui.addressdetail.AddressListActivity"
16-->src/main/AndroidManifest.xml:14:13-65
17            android:exported="false"
17-->src/main/AndroidManifest.xml:15:13-37
18            android:screenOrientation="portrait" />
18-->src/main/AndroidManifest.xml:16:13-49
19        <activity
19-->src/main/AndroidManifest.xml:18:9-21:52
20            android:name="com.unl.addressvalidator.ui.deliveryhours.DeliveryHoursActivity"
20-->src/main/AndroidManifest.xml:19:13-67
21            android:exported="false"
21-->src/main/AndroidManifest.xml:20:13-37
22            android:screenOrientation="portrait" />
22-->src/main/AndroidManifest.xml:21:13-49
23        <activity
23-->src/main/AndroidManifest.xml:22:9-25:52
24            android:name="com.unl.addressvalidator.ui.entrances.EntrancesActivity"
24-->src/main/AndroidManifest.xml:23:13-59
25            android:exported="false"
25-->src/main/AndroidManifest.xml:24:13-37
26            android:screenOrientation="portrait" />
26-->src/main/AndroidManifest.xml:25:13-49
27        <activity
27-->src/main/AndroidManifest.xml:26:9-29:52
28            android:name="com.unl.addressvalidator.ui.landmark.LandmarkActivity"
28-->src/main/AndroidManifest.xml:27:13-57
29            android:exported="false"
29-->src/main/AndroidManifest.xml:28:13-37
30            android:screenOrientation="portrait" />
30-->src/main/AndroidManifest.xml:29:13-49
31        <activity
31-->src/main/AndroidManifest.xml:30:9-33:52
32            android:name="com.unl.addressvalidator.ui.homescreen.UnlValidatorActivity"
32-->src/main/AndroidManifest.xml:31:13-63
33            android:exported="false"
33-->src/main/AndroidManifest.xml:32:13-37
34            android:screenOrientation="portrait" />
34-->src/main/AndroidManifest.xml:33:13-49
35        <activity
35-->src/main/AndroidManifest.xml:34:9-39:75
36            android:name="com.unl.addressvalidator.ui.imagepicker.GalleryActivity"
36-->src/main/AndroidManifest.xml:35:13-59
37            android:configChanges="orientation"
37-->src/main/AndroidManifest.xml:36:13-48
38            android:exported="false"
38-->src/main/AndroidManifest.xml:37:13-37
39            android:screenOrientation="portrait"
39-->src/main/AndroidManifest.xml:38:13-49
40            android:theme="@style/Theme.AppCompat.DayNight.NoActionBar" />
40-->src/main/AndroidManifest.xml:39:13-72
41        <activity
41-->src/main/AndroidManifest.xml:40:9-45:59
42            android:name="com.unl.addressvalidator.ui.imagepicker.StartImagePickerActivity"
42-->src/main/AndroidManifest.xml:41:13-68
43            android:configChanges="orientation"
43-->src/main/AndroidManifest.xml:42:13-48
44            android:exported="false"
44-->src/main/AndroidManifest.xml:43:13-37
45            android:screenOrientation="portrait"
45-->src/main/AndroidManifest.xml:44:13-49
46            android:theme="@style/DialogThemeAppCompat" />
46-->src/main/AndroidManifest.xml:45:13-56
47    </application>
48
49</manifest>